0 info it worked if it ends with ok
1 verbose cli [ '/home/deepankar/.nvm/v0.11.16/bin/node',
1 verbose cli   '/home/deepankar/.nvm/v0.11.16/bin/npm',
1 verbose cli   'start' ]
2 info using npm@2.3.0
3 info using node@v0.11.16
4 verbose run-script [ 'prestart', 'start', 'poststart' ]
5 info prestart kao-rest@1.0.0
6 info start kao-rest@1.0.0
7 verbose unsafe-perm in lifecycle true
8 info kao-rest@1.0.0 Failed to exec start script
9 verbose stack Error: kao-rest@1.0.0 start: `node --harmony app.js`
9 verbose stack Exit status 1
9 verbose stack     at EventEmitter.<anonymous> (/home/deepankar/.nvm/v0.11.16/lib/node_modules/npm/lib/utils/lifecycle.js:213:16)
9 verbose stack     at EventEmitter.emit (events.js:110:17)
9 verbose stack     at ChildProcess.<anonymous> (/home/deepankar/.nvm/v0.11.16/lib/node_modules/npm/lib/utils/spawn.js:14:12)
9 verbose stack     at ChildProcess.emit (events.js:110:17)
9 verbose stack     at maybeClose (child_process.js:1008:16)
9 verbose stack     at Process.ChildProcess._handle.onexit (child_process.js:1080:5)
10 verbose pkgid kao-rest@1.0.0
11 verbose cwd /home/deepankar/myprojects/koa/rest/koa-rest
12 error Linux 3.13.0-55-generic
13 error argv "/home/deepankar/.nvm/v0.11.16/bin/node" "/home/deepankar/.nvm/v0.11.16/bin/npm" "start"
14 error node v0.11.16
15 error npm  v2.3.0
16 error code ELIFECYCLE
17 error kao-rest@1.0.0 start: `node --harmony app.js`
17 error Exit status 1
18 error Failed at the kao-rest@1.0.0 start script 'node --harmony app.js'.
18 error This is most likely a problem with the kao-rest package,
18 error not with npm itself.
18 error Tell the author that this fails on your system:
18 error     node --harmony app.js
18 error You can get their info via:
18 error     npm owner ls kao-rest
18 error There is likely additional logging output above.
19 verbose exit [ 1, true ]
